tasksintegration/build/intermediates/manifest_merge_blame_file/debug/manifest-merger-blame-debug-report.txt
1<?xml version="1.0" encoding="utf-8"?>
2<manifest xmlns:android="http://schemas.android.com/apk/res/android"
3    xmlns:dist="http://schemas.android.com/apk/distribution"
4    featureSplit="tasksintegration"
5    package="com.tommasoberlose.anotherwidget"
6    android:versionCode="64"
7    android:versionName="2.0.5" >
8
9    <uses-sdk
10        android:minSdkVersion="23"
10-->src/main/AndroidManifest.xml
11        android:targetSdkVersion="29" />
11-->src/main/AndroidManifest.xml
12
13    <dist:module
13-->src/main/AndroidManifest.xml:5:5-12:19
14        dist:instant="false"
14-->src/main/AndroidManifest.xml:6:9-29
15        dist:title="@string/title_tasksintegration" >
15-->src/main/AndroidManifest.xml:7:9-52
16        <dist:delivery>
16-->src/main/AndroidManifest.xml:8:9-10:25
17            <dist:on-demand />
17-->src/main/AndroidManifest.xml:9:13-31
18        </dist:delivery>
19
20        <dist:fusing dist:include="true" />
20-->src/main/AndroidManifest.xml:11:9-44
20-->src/main/AndroidManifest.xml:11:22-41
21    </dist:module>
22
23</manifest>